Determining if the pthread_create exist failed with the following output:
Change Dir: /home/tyler.cog/Project/CUDA2/TEST/CMakeFiles/CMakeTmp

Run Build Command:"/usr/bin/gmake" "cmTC_de1f7/fast"
/usr/bin/gmake -f CMakeFiles/cmTC_de1f7.dir/build.make CMakeFiles/cmTC_de1f7.dir/build
gmake[1]: Entering directory `/home/tyler.cog/Project/CUDA2/TEST/CMakeFiles/CMakeTmp'
Building CXX object CMakeFiles/cmTC_de1f7.dir/CheckSymbolExists.cxx.o
/sw/eb/sw/GCCcore/7.3.0/bin/c++     -o CMakeFiles/cmTC_de1f7.dir/CheckSymbolExists.cxx.o -c /home/tyler.cog/Project/CUDA2/TEST/CMakeFiles/CMakeTmp/CheckSymbolExists.cxx
Linking CXX executable cmTC_de1f7
/sw/eb/sw/CMake/3.12.1-GCCcore-7.3.0/bin/cmake -E cmake_link_script CMakeFiles/cmTC_de1f7.dir/link.txt --verbose=1
/sw/eb/sw/GCCcore/7.3.0/bin/c++       CMakeFiles/cmTC_de1f7.dir/CheckSymbolExists.cxx.o  -o cmTC_de1f7 
CMakeFiles/cmTC_de1f7.dir/CheckSymbolExists.cxx.o:CheckSymbolExists.cxx:function main: error: undefined reference to 'pthread_create'
collect2: error: ld returned 1 exit status
gmake[1]: *** [cmTC_de1f7] Error 1
gmake[1]: Leaving directory `/home/tyler.cog/Project/CUDA2/TEST/CMakeFiles/CMakeTmp'
gmake: *** [cmTC_de1f7/fast] Error 2

File /home/tyler.cog/Project/CUDA2/TEST/CMakeFiles/CMakeTmp/CheckSymbolExists.cxx:
/* */
#include <pthread.h>

int main(int argc, char** argv)
{
  (void)argv;
#ifndef pthread_create
  return ((int*)(&pthread_create))[argc];
#else
  (void)argc;
  return 0;
#endif
}

Determining if the function pthread_create exists in the pthreads failed with the following output:
Change Dir: /home/tyler.cog/Project/CUDA2/TEST/CMakeFiles/CMakeTmp

Run Build Command:"/usr/bin/gmake" "cmTC_b194c/fast"
/usr/bin/gmake -f CMakeFiles/cmTC_b194c.dir/build.make CMakeFiles/cmTC_b194c.dir/build
gmake[1]: Entering directory `/home/tyler.cog/Project/CUDA2/TEST/CMakeFiles/CMakeTmp'
Building CXX object CMakeFiles/cmTC_b194c.dir/CheckFunctionExists.cxx.o
/sw/eb/sw/GCCcore/7.3.0/bin/c++    -DCHECK_FUNCTION_EXISTS=pthread_create   -o CMakeFiles/cmTC_b194c.dir/CheckFunctionExists.cxx.o -c /home/tyler.cog/Project/CUDA2/TEST/CMakeFiles/CheckLibraryExists/CheckFunctionExists.cxx
Linking CXX executable cmTC_b194c
/sw/eb/sw/CMake/3.12.1-GCCcore-7.3.0/bin/cmake -E cmake_link_script CMakeFiles/cmTC_b194c.dir/link.txt --verbose=1
/sw/eb/sw/GCCcore/7.3.0/bin/c++   -DCHECK_FUNCTION_EXISTS=pthread_create    CMakeFiles/cmTC_b194c.dir/CheckFunctionExists.cxx.o  -o cmTC_b194c -lpthreads 
/sw/eb/sw/binutils/2.35/bin/ld.gold: error: cannot find -lpthreads
CMakeFiles/cmTC_b194c.dir/CheckFunctionExists.cxx.o:CheckFunctionExists.cxx:function main: error: undefined reference to 'pthread_create'
collect2: error: ld returned 1 exit status
gmake[1]: *** [cmTC_b194c] Error 1
gmake[1]: Leaving directory `/home/tyler.cog/Project/CUDA2/TEST/CMakeFiles/CMakeTmp'
gmake: *** [cmTC_b194c/fast] Error 2


Determining if the pthread_create exist failed with the following output:
Change Dir: /home/tyler.cog/Project/CUDA2/Real-float/CMakeFiles/CMakeTmp

Run Build Command:"/usr/bin/gmake" "cmTC_a4655/fast"
/usr/bin/gmake -f CMakeFiles/cmTC_a4655.dir/build.make CMakeFiles/cmTC_a4655.dir/build
gmake[1]: Entering directory `/home/tyler.cog/Project/CUDA2/Real-float/CMakeFiles/CMakeTmp'
Building CXX object CMakeFiles/cmTC_a4655.dir/CheckSymbolExists.cxx.o
/sw/eb/sw/GCCcore/7.3.0/bin/c++     -o CMakeFiles/cmTC_a4655.dir/CheckSymbolExists.cxx.o -c /home/tyler.cog/Project/CUDA2/Real-float/CMakeFiles/CMakeTmp/CheckSymbolExists.cxx
Linking CXX executable cmTC_a4655
/sw/eb/sw/CMake/3.12.1-GCCcore-7.3.0/bin/cmake -E cmake_link_script CMakeFiles/cmTC_a4655.dir/link.txt --verbose=1
/sw/eb/sw/GCCcore/7.3.0/bin/c++       CMakeFiles/cmTC_a4655.dir/CheckSymbolExists.cxx.o  -o cmTC_a4655 
CMakeFiles/cmTC_a4655.dir/CheckSymbolExists.cxx.o:CheckSymbolExists.cxx:function main: error: undefined reference to 'pthread_create'
collect2: error: ld returned 1 exit status
gmake[1]: *** [cmTC_a4655] Error 1
gmake[1]: Leaving directory `/home/tyler.cog/Project/CUDA2/Real-float/CMakeFiles/CMakeTmp'
gmake: *** [cmTC_a4655/fast] Error 2

File /home/tyler.cog/Project/CUDA2/Real-float/CMakeFiles/CMakeTmp/CheckSymbolExists.cxx:
/* */
#include <pthread.h>

int main(int argc, char** argv)
{
  (void)argv;
#ifndef pthread_create
  return ((int*)(&pthread_create))[argc];
#else
  (void)argc;
  return 0;
#endif
}

Determining if the function pthread_create exists in the pthreads failed with the following output:
Change Dir: /home/tyler.cog/Project/CUDA2/Real-float/CMakeFiles/CMakeTmp

Run Build Command:"/usr/bin/gmake" "cmTC_0807e/fast"
/usr/bin/gmake -f CMakeFiles/cmTC_0807e.dir/build.make CMakeFiles/cmTC_0807e.dir/build
gmake[1]: Entering directory `/home/tyler.cog/Project/CUDA2/Real-float/CMakeFiles/CMakeTmp'
Building CXX object CMakeFiles/cmTC_0807e.dir/CheckFunctionExists.cxx.o
/sw/eb/sw/GCCcore/7.3.0/bin/c++    -DCHECK_FUNCTION_EXISTS=pthread_create   -o CMakeFiles/cmTC_0807e.dir/CheckFunctionExists.cxx.o -c /home/tyler.cog/Project/CUDA2/Real-float/CMakeFiles/CheckLibraryExists/CheckFunctionExists.cxx
Linking CXX executable cmTC_0807e
/sw/eb/sw/CMake/3.12.1-GCCcore-7.3.0/bin/cmake -E cmake_link_script CMakeFiles/cmTC_0807e.dir/link.txt --verbose=1
/sw/eb/sw/GCCcore/7.3.0/bin/c++   -DCHECK_FUNCTION_EXISTS=pthread_create    CMakeFiles/cmTC_0807e.dir/CheckFunctionExists.cxx.o  -o cmTC_0807e -lpthreads 
/sw/eb/sw/binutils/2.35/bin/ld.gold: error: cannot find -lpthreads
CMakeFiles/cmTC_0807e.dir/CheckFunctionExists.cxx.o:CheckFunctionExists.cxx:function main: error: undefined reference to 'pthread_create'
collect2: error: ld returned 1 exit status
gmake[1]: *** [cmTC_0807e] Error 1
gmake[1]: Leaving directory `/home/tyler.cog/Project/CUDA2/Real-float/CMakeFiles/CMakeTmp'
gmake: *** [cmTC_0807e/fast] Error 2


