Determining if the pthread_create exist failed with the following output:
Change Dir: /home/tyler.cog/Project/MPI2/CMakeFiles/CMakeTmp

Run Build Command:"/usr/bin/gmake" "cmTC_cf1ea/fast"
/usr/bin/gmake -f CMakeFiles/cmTC_cf1ea.dir/build.make CMakeFiles/cmTC_cf1ea.dir/build
gmake[1]: Entering directory `/home/tyler.cog/Project/MPI2/CMakeFiles/CMakeTmp'
Building C object CMakeFiles/cmTC_cf1ea.dir/CheckSymbolExists.c.o
/sw/eb/sw/GCCcore/10.2.0/bin/cc    -o CMakeFiles/cmTC_cf1ea.dir/CheckSymbolExists.c.o   -c /home/tyler.cog/Project/MPI2/CMakeFiles/CMakeTmp/CheckSymbolExists.c
Linking C executable cmTC_cf1ea
/sw/eb/sw/CMake/3.12.1/bin/cmake -E cmake_link_script CMakeFiles/cmTC_cf1ea.dir/link.txt --verbose=1
/sw/eb/sw/GCCcore/10.2.0/bin/cc      CMakeFiles/cmTC_cf1ea.dir/CheckSymbolExists.c.o  -o cmTC_cf1ea 
CMakeFiles/cmTC_cf1ea.dir/CheckSymbolExists.c.o:CheckSymbolExists.c:function main: error: undefined reference to 'pthread_create'
collect2: error: ld returned 1 exit status
gmake[1]: *** [cmTC_cf1ea] Error 1
gmake[1]: Leaving directory `/home/tyler.cog/Project/MPI2/CMakeFiles/CMakeTmp'
gmake: *** [cmTC_cf1ea/fast] Error 2

File /home/tyler.cog/Project/MPI2/CMakeFiles/CMakeTmp/CheckSymbolExists.c:
/* */
#include <pthread.h>

int main(int argc, char** argv)
{
  (void)argv;
#ifndef pthread_create
  return ((int*)(&pthread_create))[argc];
#else
  (void)argc;
  return 0;
#endif
}

Determining if the function pthread_create exists in the pthreads failed with the following output:
Change Dir: /home/tyler.cog/Project/MPI2/CMakeFiles/CMakeTmp

Run Build Command:"/usr/bin/gmake" "cmTC_b66fb/fast"
/usr/bin/gmake -f CMakeFiles/cmTC_b66fb.dir/build.make CMakeFiles/cmTC_b66fb.dir/build
gmake[1]: Entering directory `/home/tyler.cog/Project/MPI2/CMakeFiles/CMakeTmp'
Building C object CMakeFiles/cmTC_b66fb.dir/CheckFunctionExists.c.o
/sw/eb/sw/GCCcore/10.2.0/bin/cc   -DCHECK_FUNCTION_EXISTS=pthread_create   -o CMakeFiles/cmTC_b66fb.dir/CheckFunctionExists.c.o   -c /sw/eb/sw/CMake/3.12.1/share/cmake-3.12/Modules/CheckFunctionExists.c
Linking C executable cmTC_b66fb
/sw/eb/sw/CMake/3.12.1/bin/cmake -E cmake_link_script CMakeFiles/cmTC_b66fb.dir/link.txt --verbose=1
/sw/eb/sw/GCCcore/10.2.0/bin/cc  -DCHECK_FUNCTION_EXISTS=pthread_create    CMakeFiles/cmTC_b66fb.dir/CheckFunctionExists.c.o  -o cmTC_b66fb -lpthreads 
/sw/eb/sw/binutils/2.35-GCCcore-10.2.0/bin/ld.gold: error: cannot find -lpthreads
CMakeFiles/cmTC_b66fb.dir/CheckFunctionExists.c.o:CheckFunctionExists.c:function main: error: undefined reference to 'pthread_create'
collect2: error: ld returned 1 exit status
gmake[1]: *** [cmTC_b66fb] Error 1
gmake[1]: Leaving directory `/home/tyler.cog/Project/MPI2/CMakeFiles/CMakeTmp'
gmake: *** [cmTC_b66fb/fast] Error 2


Determining if the pthread_create exist failed with the following output:
Change Dir: /home/tyler.cog/Project/MPI2-float/CMakeFiles/CMakeTmp

Run Build Command:"/usr/bin/gmake" "cmTC_8cd70/fast"
/usr/bin/gmake -f CMakeFiles/cmTC_8cd70.dir/build.make CMakeFiles/cmTC_8cd70.dir/build
gmake[1]: Entering directory `/home/tyler.cog/Project/MPI2-float/CMakeFiles/CMakeTmp'
Building C object CMakeFiles/cmTC_8cd70.dir/CheckSymbolExists.c.o
/sw/eb/sw/GCCcore/10.2.0/bin/cc    -o CMakeFiles/cmTC_8cd70.dir/CheckSymbolExists.c.o   -c /home/tyler.cog/Project/MPI2-float/CMakeFiles/CMakeTmp/CheckSymbolExists.c
Linking C executable cmTC_8cd70
/sw/eb/sw/CMake/3.12.1/bin/cmake -E cmake_link_script CMakeFiles/cmTC_8cd70.dir/link.txt --verbose=1
/sw/eb/sw/GCCcore/10.2.0/bin/cc      CMakeFiles/cmTC_8cd70.dir/CheckSymbolExists.c.o  -o cmTC_8cd70 
CMakeFiles/cmTC_8cd70.dir/CheckSymbolExists.c.o:CheckSymbolExists.c:function main: error: undefined reference to 'pthread_create'
collect2: error: ld returned 1 exit status
gmake[1]: *** [cmTC_8cd70] Error 1
gmake[1]: Leaving directory `/home/tyler.cog/Project/MPI2-float/CMakeFiles/CMakeTmp'
gmake: *** [cmTC_8cd70/fast] Error 2

File /home/tyler.cog/Project/MPI2-float/CMakeFiles/CMakeTmp/CheckSymbolExists.c:
/* */
#include <pthread.h>

int main(int argc, char** argv)
{
  (void)argv;
#ifndef pthread_create
  return ((int*)(&pthread_create))[argc];
#else
  (void)argc;
  return 0;
#endif
}

Determining if the function pthread_create exists in the pthreads failed with the following output:
Change Dir: /home/tyler.cog/Project/MPI2-float/CMakeFiles/CMakeTmp

Run Build Command:"/usr/bin/gmake" "cmTC_aed5a/fast"
/usr/bin/gmake -f CMakeFiles/cmTC_aed5a.dir/build.make CMakeFiles/cmTC_aed5a.dir/build
gmake[1]: Entering directory `/home/tyler.cog/Project/MPI2-float/CMakeFiles/CMakeTmp'
Building C object CMakeFiles/cmTC_aed5a.dir/CheckFunctionExists.c.o
/sw/eb/sw/GCCcore/10.2.0/bin/cc   -DCHECK_FUNCTION_EXISTS=pthread_create   -o CMakeFiles/cmTC_aed5a.dir/CheckFunctionExists.c.o   -c /sw/eb/sw/CMake/3.12.1/share/cmake-3.12/Modules/CheckFunctionExists.c
Linking C executable cmTC_aed5a
/sw/eb/sw/CMake/3.12.1/bin/cmake -E cmake_link_script CMakeFiles/cmTC_aed5a.dir/link.txt --verbose=1
/sw/eb/sw/GCCcore/10.2.0/bin/cc  -DCHECK_FUNCTION_EXISTS=pthread_create    CMakeFiles/cmTC_aed5a.dir/CheckFunctionExists.c.o  -o cmTC_aed5a -lpthreads 
/sw/eb/sw/binutils/2.35-GCCcore-10.2.0/bin/ld.gold: error: cannot find -lpthreads
CMakeFiles/cmTC_aed5a.dir/CheckFunctionExists.c.o:CheckFunctionExists.c:function main: error: undefined reference to 'pthread_create'
collect2: error: ld returned 1 exit status
gmake[1]: *** [cmTC_aed5a] Error 1
gmake[1]: Leaving directory `/home/tyler.cog/Project/MPI2-float/CMakeFiles/CMakeTmp'
gmake: *** [cmTC_aed5a/fast] Error 2


